<?xml version="1.0" encoding="UTF-8"?>
<!-- Generated by org.testng.reporters.JUnitReportReporter -->
<testsuite hostname="LAPTOP-5G0H4FFG" failures="0" tests="1" name="jun2021.DragDropConcept" time="5.998" errors="0" timestamp="2022-03-10T23:09:51 PST" skipped="0">
  <testcase classname="jun2021.DragDropConcept" name="conceptDragNDrop" time="5.998"/>
  <system-out/>
</testsuite> <!-- jun2021.DragDropConcept -->
