<?xml version="1.0" encoding="UTF-8"?>
<!-- Generated by org.testng.reporters.JUnitReportReporter -->
<testsuite hostname="LAPTOP-5G0H4FFG" failures="0" tests="1" name="jun2021.WindowHandleConcept" time="14.476" errors="0" timestamp="2021-11-24T18:34:30 PST" skipped="0">
  <testcase classname="jun2021.WindowHandleConcept" name="handleWindow" time="14.476"/>
  <system-out/>
</testsuite> <!-- jun2021.WindowHandleConcept -->
