<?xml version="1.0" encoding="UTF-8"?>
<!-- Generated by org.testng.reporters.JUnitReportReporter -->
<testsuite hostname="LAPTOP-5G0H4FFG" failures="0" tests="2" name="annotationConcept.Ann1" time="0.006" errors="0" timestamp="2022-02-28T09:04:09 PST" skipped="0">
  <testcase classname="annotationConcept.Ann1" name="SignIn" time="0.002"/>
  <system-out/>
  <testcase classname="annotationConcept.Ann1" name="SignUP" time="0.004"/>
  <system-out/>
</testsuite> <!-- annotationConcept.Ann1 -->
