<?xml version="1.0" encoding="UTF-8"?>
<!-- Generated by org.testng.reporters.JUnitReportReporter -->
<testsuite hostname="LAPTOP-5G0H4FFG" failures="0" tests="1" name="homework.HW4GoogleNewTab" time="5.336" errors="0" timestamp="2022-01-03T12:33:29 PST" skipped="0">
  <testcase classname="homework.HW4GoogleNewTab" name="handleWindowHW" time="5.336"/>
  <system-out/>
</testsuite> <!-- homework.HW4GoogleNewTab -->
