<?xml version="1.0" encoding="UTF-8"?>
<!-- Generated by org.testng.reporters.JUnitReportReporter -->
<testsuite hostname="LAPTOP-5G0H4FFG" failures="0" tests="1" name="jun2021.WaitHandlings" time="4.233" errors="0" timestamp="2021-11-21T11:11:24 PST" skipped="0">
  <testcase classname="jun2021.WaitHandlings" name="handlingWait" time="4.233"/>
  <system-out/>
</testsuite> <!-- jun2021.WaitHandlings -->
