<?xml version="1.0" encoding="UTF-8"?>
<!-- Generated by org.testng.reporters.JUnitReportReporter -->
<testsuite hostname="LAPTOP-5G0H4FFG" failures="0" tests="1" name="jun2021.HomeWork2" time="2.854" errors="0" timestamp="2021-08-11T13:19:13 PDT" skipped="0">
  <testcase classname="jun2021.HomeWork2" name="HW2" time="2.854"/>
  <system-out/>
</testsuite> <!-- jun2021.HomeWork2 -->
