<?xml version="1.0" encoding="UTF-8"?>
<!-- Generated by org.testng.reporters.JUnitReportReporter -->
<testsuite hostname="LAPTOP-5G0H4FFG" failures="0" tests="3" name="annotationConcept.TestPriority" time="0.008" errors="0" timestamp="2022-02-25T12:49:42 PST" skipped="0">
  <testcase classname="annotationConcept.TestPriority" name="test3" time="0.006"/>
  <system-out/>
  <testcase classname="annotationConcept.TestPriority" name="test2" time="0.001"/>
  <system-out/>
  <testcase classname="annotationConcept.TestPriority" name="test1" time="0.001"/>
  <system-out/>
</testsuite> <!-- annotationConcept.TestPriority -->
