<?xml version="1.0" encoding="UTF-8"?>
<!-- Generated by org.testng.reporters.JUnitReportReporter -->
<testsuite hostname="LAPTOP-5G0H4FFG" failures="0" tests="1" name="annotationConcept.TryConcept" time="0.006" errors="0" timestamp="2021-09-23T16:42:46 PDT" skipped="0">
  <testcase classname="annotationConcept.TryConcept" name="tryCocept" time="0.006"/>
  <system-out/>
</testsuite> <!-- annotationConcept.TryConcept -->
