<?xml version="1.0" encoding="UTF-8"?>
<!-- Generated by org.testng.reporters.JUnitReportReporter -->
<testsuite hostname="LAPTOP-5G0H4FFG" failures="0" tests="1" name="homework.HW4TTWebTable" time="7.594" errors="0" timestamp="2021-09-01T14:05:43 PDT" skipped="0">
  <testcase classname="homework.HW4TTWebTable" name="webTable" time="7.594"/>
  <system-out/>
</testsuite> <!-- homework.HW4TTWebTable -->
