<?xml version="1.0" encoding="UTF-8"?>
<!-- Generated by org.testng.reporters.JUnitReportReporter -->
<testsuite hostname="LAPTOP-5G0H4FFG" failures="0" tests="1" name="homework.HW3Link" time="2.333" errors="0" timestamp="2021-08-24T11:15:20 PDT" skipped="0">
  <testcase classname="homework.HW3Link" name="findFooterLinks" time="2.333"/>
  <system-out/>
</testsuite> <!-- homework.HW3Link -->
