<?xml version="1.0" encoding="UTF-8"?>
<!-- Generated by org.testng.reporters.JUnitReportReporter -->
<testsuite hostname="LAPTOP-5G0H4FFG" failures="0" tests="1" name="jun2021.JSAlertHandling" time="5.771" errors="0" timestamp="2022-03-13T15:51:17 PDT" skipped="0">
  <testcase classname="jun2021.JSAlertHandling" name="handlingAlert" time="5.771"/>
  <system-out/>
</testsuite> <!-- jun2021.JSAlertHandling -->
