<?xml version="1.0" encoding="UTF-8"?>
<!-- Generated by org.testng.reporters.JUnitReportReporter -->
<testsuite hostname="LAPTOP-5G0H4FFG" failures="0" tests="1" name="jun2021.FindLinks" time="9.323" errors="0" timestamp="2022-09-09T11:33:18 PDT" skipped="0">
  <testcase classname="jun2021.FindLinks" name="linkFinding" time="9.323"/>
  <system-out/>
</testsuite> <!-- jun2021.FindLinks -->
