<?xml version="1.0" encoding="UTF-8"?>
<!-- Generated by org.testng.reporters.JUnitReportReporter -->
<testsuite hostname="LAPTOP-5G0H4FFG" failures="0" tests="1" name="homework.HW4WindowHandle" time="5.690" errors="0" timestamp="2021-09-01T10:18:32 PDT" skipped="0">
  <testcase classname="homework.HW4WindowHandle" name="handleWindowHW" time="5.690"/>
  <system-out/>
</testsuite> <!-- homework.HW4WindowHandle -->
