<?xml version="1.0" encoding="UTF-8"?>
<!-- Generated by org.testng.reporters.JUnitReportReporter -->
<testsuite hostname="LAPTOP-5G0H4FFG" failures="0" tests="1" name="jun2021.DataHandling2" time="2.219" errors="0" timestamp="2021-09-02T14:34:37 PDT" skipped="0">
  <testcase classname="jun2021.DataHandling2" name="handlingData2" time="2.219"/>
  <system-out/>
</testsuite> <!-- jun2021.DataHandling2 -->
