<?xml version="1.0" encoding="UTF-8"?>
<!-- Generated by org.testng.reporters.JUnitReportReporter -->
<testsuite hostname="LAPTOP-5G0H4FFG" failures="0" tests="1" name="jun2021.DataHandlingUserClass" time="4.140" errors="0" timestamp="2022-01-20T16:03:19 PST" skipped="0">
  <testcase classname="jun2021.DataHandlingUserClass" name="handlingData" time="4.140"/>
  <system-out/>
</testsuite> <!-- jun2021.DataHandlingUserClass -->
