<?xml version="1.0" encoding="UTF-8"?>
<!-- Generated by org.testng.reporters.JUnitReportReporter -->
<testsuite hostname="LAPTOP-5G0H4FFG" failures="0" tests="6" name="annotationConcept.TestRepeatition" time="0.010" errors="0" timestamp="2022-02-25T13:05:39 PST" skipped="0">
  <testcase classname="annotationConcept.TestRepeatition" name="test2" time="0.007"/>
  <system-out/>
  <testcase classname="annotationConcept.TestRepeatition" name="test1" time="0.000"/>
  <system-out/>
  <testcase classname="annotationConcept.TestRepeatition" name="test1" time="0.000"/>
  <system-out/>
  <testcase classname="annotationConcept.TestRepeatition" name="test1" time="0.001"/>
  <system-out/>
  <testcase classname="annotationConcept.TestRepeatition" name="test1" time="0.000"/>
  <system-out/>
  <testcase classname="annotationConcept.TestRepeatition" name="test1" time="0.002"/>
  <system-out/>
</testsuite> <!-- annotationConcept.TestRepeatition -->
