<?xml version="1.0" encoding="UTF-8"?>
<!-- Generated by org.testng.reporters.JUnitReportReporter -->
<testsuite hostname="LAPTOP-5G0H4FFG" failures="0" tests="1" name="annotationConcept.AssertConcept" time="0.010" errors="0" timestamp="2022-03-10T21:39:14 PST" skipped="0">
  <testcase classname="annotationConcept.AssertConcept" name="tryCocept" time="0.010"/>
  <system-out/>
</testsuite> <!-- annotationConcept.AssertConcept -->
