<?xml version="1.0" encoding="UTF-8"?>
<!-- Generated by org.testng.reporters.JUnitReportReporter -->
<testsuite hostname="LAPTOP-5G0H4FFG" failures="0" tests="1" name="jun2021.FindLinks" time="8.403" errors="0" timestamp="2021-08-22T22:21:58 PDT" skipped="0">
  <testcase classname="jun2021.FindLinks" name="linkFinding" time="8.403"/>
  <system-out/>
</testsuite> <!-- jun2021.FindLinks -->
