<?xml version="1.0" encoding="UTF-8"?>
<!-- Generated by org.testng.reporters.JUnitReportReporter -->
<testsuite hostname="LAPTOP-5G0H4FFG" failures="0" tests="2" name="annotationConcept.Ann1" time="0.004" errors="0" timestamp="2021-09-20T21:07:15 PDT" skipped="0">
  <testcase classname="annotationConcept.Ann1" name="SignUP" time="0.003"/>
  <system-out/>
  <testcase classname="annotationConcept.Ann1" name="SignIn" time="0.001"/>
  <system-out/>
</testsuite> <!-- annotationConcept.Ann1 -->
