<?xml version="1.0" encoding="UTF-8"?>
<!-- Generated by org.testng.reporters.JUnitReportReporter -->
<testsuite hostname="LAPTOP-5G0H4FFG" failures="0" tests="1" name="homework.HW4DhkSEWT" time="8.158" errors="0" timestamp="2021-09-01T13:05:33 PDT" skipped="0">
  <testcase classname="homework.HW4DhkSEWT" name="webTable2" time="8.158"/>
  <system-out/>
</testsuite> <!-- homework.HW4DhkSEWT -->
