<?xml version="1.0" encoding="UTF-8"?>
<!-- Generated by org.testng.reporters.JUnitReportReporter -->
<testsuite hostname="LAPTOP-5G0H4FFG" failures="0" tests="3" name="annotationConcept.TestPriorityAndEnabled" time="0.006" errors="0" timestamp="2022-02-25T12:59:38 PST" skipped="1">
  <testcase classname="annotationConcept.TestPriorityAndEnabled" name="test3" time="0.006"/>
  <system-out/>
  <testcase classname="annotationConcept.TestPriorityAndEnabled" name="test2" time="0.000"/>
  <system-out/>
  <testcase classname="annotationConcept.TestPriorityAndEnabled" name="test1">
    <skipped/>
  </testcase> <!-- test1 -->
  <system-out/>
</testsuite> <!-- annotationConcept.TestPriorityAndEnabled -->
