<?xml version="1.0" encoding="UTF-8"?>
<!-- Generated by org.testng.reporters.JUnitReportReporter -->
<testsuite hostname="LAPTOP-5G0H4FFG" failures="0" tests="1" name="annotationConcept.TTekSignIn" time="3.773" errors="0" timestamp="2022-02-28T08:43:56 PST" skipped="0">
  <testcase classname="annotationConcept.TTekSignIn" name="signIn" time="3.773"/>
  <system-out/>
</testsuite> <!-- annotationConcept.TTekSignIn -->
