<?xml version="1.0" encoding="UTF-8"?>
<!-- Generated by org.testng.reporters.JUnitReportReporter -->
<testsuite hostname="LAPTOP-5G0H4FFG" failures="0" tests="1" name="homework.HW4TTWebTable" time="5.250" errors="0" timestamp="2022-09-19T12:56:24 PDT" skipped="0">
  <testcase classname="homework.HW4TTWebTable" name="webTable" time="5.250"/>
  <system-out/>
</testsuite> <!-- homework.HW4TTWebTable -->
