<?xml version="1.0" encoding="UTF-8"?>
<!-- Generated by org.testng.reporters.JUnitReportReporter -->
<testsuite hostname="LAPTOP-5G0H4FFG" failures="0" tests="1" name="jun2021.WaitHandlings" time="3.141" errors="0" timestamp="2021-08-20T20:33:43 PDT" skipped="0">
  <testcase classname="jun2021.WaitHandlings" name="handlingWait" time="3.141"/>
  <system-out/>
</testsuite> <!-- jun2021.WaitHandlings -->
