<?xml version="1.0" encoding="UTF-8"?>
<!-- Generated by org.testng.reporters.JUnitReportReporter -->
<testsuite hostname="LAPTOP-5G0H4FFG" failures="0" tests="1" name="jun2021.DataHandling" time="3.604" errors="0" timestamp="2021-08-28T13:47:11 PDT" skipped="0">
  <testcase classname="jun2021.DataHandling" name="handlingData" time="3.604"/>
  <system-out/>
</testsuite> <!-- jun2021.DataHandling -->
