<?xml version="1.0" encoding="UTF-8"?>
<!-- Generated by org.testng.reporters.JUnitReportReporter -->
<testsuite hostname="LAPTOP-5G0H4FFG" failures="0" tests="1" name="jun2021.HomeWork2" time="3.010" errors="0" timestamp="2021-12-19T15:04:05 PST" skipped="0">
  <testcase classname="jun2021.HomeWork2" name="HW2" time="3.010"/>
  <system-out/>
</testsuite> <!-- jun2021.HomeWork2 -->
