<?xml version="1.0" encoding="UTF-8"?>
<!-- Generated by org.testng.reporters.JUnitReportReporter -->
<testsuite hostname="LAPTOP-5G0H4FFG" failures="0" tests="1" name="jun2021.AlertHandling" time="4.774" errors="0" timestamp="2021-08-28T16:19:39 PDT" skipped="0">
  <testcase classname="jun2021.AlertHandling" name="handlingAlert" time="4.774"/>
  <system-out/>
</testsuite> <!-- jun2021.AlertHandling -->
