<?xml version="1.0" encoding="UTF-8"?>
<!-- Generated by org.testng.reporters.JUnitReportReporter -->
<testsuite hostname="LAPTOP-5G0H4FFG" failures="0" tests="1" name="jun2021.WindowHandleGoogle" time="6.086" errors="0" timestamp="2022-01-05T17:52:57 PST" skipped="0">
  <testcase classname="jun2021.WindowHandleGoogle" name="windowHandel" time="6.086"/>
  <system-out/>
</testsuite> <!-- jun2021.WindowHandleGoogle -->
