<?xml version="1.0" encoding="UTF-8"?>
<!-- Generated by org.testng.reporters.JUnitReportReporter -->
<testsuite hostname="LAPTOP-5G0H4FFG" failures="0" tests="1" name="jun2021.FrameConcept" time="6.996" errors="0" timestamp="2022-04-19T12:59:08 PDT" skipped="0">
  <testcase classname="jun2021.FrameConcept" name="conceptFrame" time="6.996"/>
  <system-out/>
</testsuite> <!-- jun2021.FrameConcept -->
