<?xml version="1.0" encoding="UTF-8"?>
<!-- Generated by org.testng.reporters.JUnitReportReporter -->
<testsuite hostname="LAPTOP-5G0H4FFG" failures="0" tests="1" name="jun2021.ReadExcel" time="4.685" errors="0" timestamp="2022-02-04T12:24:00 PST" skipped="0">
  <testcase classname="jun2021.ReadExcel" name="NewAcctTTK" time="4.685"/>
  <system-out/>
</testsuite> <!-- jun2021.ReadExcel -->
