<?xml version="1.0" encoding="UTF-8"?>
<!-- Generated by org.testng.reporters.JUnitReportReporter -->
<testsuite hostname="LAPTOP-5G0H4FFG" failures="0" tests="1" name="annotationConcept.Ann3" time="0.001" errors="0" timestamp="2022-02-28T08:59:39 PST" skipped="0">
  <testcase classname="annotationConcept.Ann3" name="test5" time="0.001"/>
  <system-out/>
</testsuite> <!-- annotationConcept.Ann3 -->
