<?xml version="1.0" encoding="UTF-8"?>
<!-- Generated by org.testng.reporters.JUnitReportReporter -->
<testsuite hostname="LAPTOP-5G0H4FFG" failures="0" tests="1" name="jun2021.WindowHandleConcept" time="18.367" errors="0" timestamp="2021-09-01T10:38:34 PDT" skipped="0">
  <testcase classname="jun2021.WindowHandleConcept" name="handleWindow" time="18.367"/>
  <system-out/>
</testsuite> <!-- jun2021.WindowHandleConcept -->
