<?xml version="1.0" encoding="UTF-8"?>
<!-- Generated by org.testng.reporters.JUnitReportReporter -->
<testsuite hostname="LAPTOP-5G0H4FFG" failures="0" tests="1" name="annotationConcept.Ann2" time="0.004" errors="0" timestamp="2021-09-20T21:05:20 PDT" skipped="0">
  <testcase classname="annotationConcept.Ann2" name="test4" time="0.004"/>
  <system-out/>
</testsuite> <!-- annotationConcept.Ann2 -->
