<?xml version="1.0" encoding="UTF-8"?>
<!-- Generated by org.testng.reporters.JUnitReportReporter -->
<testsuite hostname="LAPTOP-5G0H4FFG" failures="0" tests="1" name="homework.HW3NewAcctTT" time="3.881" errors="0" timestamp="2021-08-23T10:42:17 PDT" skipped="0">
  <testcase classname="homework.HW3NewAcctTT" name="NewAcctTTK" time="3.881"/>
  <system-out/>
</testsuite> <!-- homework.HW3NewAcctTT -->
