<?xml version="1.0" encoding="UTF-8"?>
<!-- Generated by org.testng.reporters.JUnitReportReporter -->
<testsuite hostname="LAPTOP-5G0H4FFG" failures="0" tests="1" name="homework.HW3iFrame" time="3.548" errors="0" timestamp="2021-08-24T11:05:17 PDT" skipped="0">
  <testcase classname="homework.HW3iFrame" name="conceptFrame" time="3.548"/>
  <system-out/>
</testsuite> <!-- homework.HW3iFrame -->
