<?xml version="1.0" encoding="UTF-8"?>
<!-- Generated by org.testng.reporters.JUnitReportReporter -->
<testsuite hostname="LAPTOP-5G0H4FFG" failures="0" tests="1" name="jun2021.WebTableHW2$WebTableConcept" time="9.390" errors="0" timestamp="2021-08-28T15:24:47 PDT" skipped="0">
  <testcase classname="jun2021.WebTableHW2$WebTableConcept" name="webTable" time="9.390"/>
  <system-out/>
</testsuite> <!-- jun2021.WebTableHW2$WebTableConcept -->
