<?xml version="1.0" encoding="UTF-8"?>
<!-- Generated by org.testng.reporters.JUnitReportReporter -->
<testsuite hostname="LAPTOP-5G0H4FFG" failures="0" tests="1" name="jun2021.DataHandling" time="4.869" errors="0" timestamp="2022-01-20T08:54:07 PST" skipped="0">
  <testcase classname="jun2021.DataHandling" name="handlingData" time="4.869"/>
  <system-out/>
</testsuite> <!-- jun2021.DataHandling -->
