<?xml version="1.0" encoding="UTF-8"?>
<!-- Generated by org.testng.reporters.JUnitReportReporter -->
<testsuite hostname="LAPTOP-5G0H4FFG" failures="0" tests="1" name="jun2021.WebTableConcept" time="37.948" errors="0" timestamp="2022-03-10T23:37:46 PST" skipped="0">
  <testcase classname="jun2021.WebTableConcept" name="webTable" time="37.948"/>
  <system-out/>
</testsuite> <!-- jun2021.WebTableConcept -->
