<?xml version="1.0" encoding="UTF-8"?>
<!-- Generated by org.testng.reporters.JUnitReportReporter -->
<testsuite hostname="LAPTOP-5G0H4FFG" failures="0" tests="1" name="jun2021.DragDropConcept" time="2.417" errors="0" timestamp="2021-08-20T20:45:20 PDT" skipped="0">
  <testcase classname="jun2021.DragDropConcept" name="conceptDragNDrop" time="2.417"/>
  <system-out/>
</testsuite> <!-- jun2021.DragDropConcept -->
