<?xml version="1.0" encoding="UTF-8"?>
<!-- Generated by org.testng.reporters.JUnitReportReporter -->
<testsuite hostname="LAPTOP-5G0H4FFG" failures="0" tests="1" name="jun2021.WebTableConcept" time="4.730" errors="0" timestamp="2021-08-28T18:19:30 PDT" skipped="0">
  <testcase classname="jun2021.WebTableConcept" name="webTable" time="4.730"/>
  <system-out/>
</testsuite> <!-- jun2021.WebTableConcept -->
