<?xml version="1.0" encoding="UTF-8"?>
<!-- Generated by org.testng.reporters.JUnitReportReporter -->
<testsuite hostname="LAPTOP-5G0H4FFG" failures="0" tests="1" name="codeChallenge_Number.StarPattern" time="0.009" errors="0" timestamp="2022-09-28T09:53:50 PDT" skipped="0">
  <testcase classname="codeChallenge_Number.StarPattern" name="starPattern" time="0.009"/>
  <system-out/>
</testsuite> <!-- codeChallenge_Number.StarPattern -->
