<?xml version="1.0" encoding="UTF-8"?>
<!-- Generated by org.testng.reporters.JUnitReportReporter -->
<testsuite hostname="LAPTOP-5G0H4FFG" failures="0" tests="1" name="homework.HW4GoogleWH" time="7.800" errors="0" timestamp="2021-12-21T16:29:17 PST" skipped="0">
  <testcase classname="homework.HW4GoogleWH" name="handleWindowHW" time="7.800"/>
  <system-out/>
</testsuite> <!-- homework.HW4GoogleWH -->
