<?xml version="1.0" encoding="UTF-8"?>
<!-- Generated by org.testng.reporters.JUnitReportReporter -->
<testsuite hostname="LAPTOP-5G0H4FFG" failures="0" tests="1" name="jun2021.FindLinks" time="8.901" errors="0" timestamp="2021-12-19T14:56:09 PST" skipped="0">
  <testcase classname="jun2021.FindLinks" name="linkFinding" time="8.901"/>
  <system-out/>
</testsuite> <!-- jun2021.FindLinks -->
