<?xml version="1.0" encoding="UTF-8"?>
<!-- Generated by org.testng.reporters.JUnitReportReporter -->
<testsuite hostname="LAPTOP-5G0H4FFG" failures="0" tests="1" name="jun2021.DataHandlingPropertyFile" time="3.372" errors="0" timestamp="2022-01-20T09:00:49 PST" skipped="0">
  <testcase classname="jun2021.DataHandlingPropertyFile" name="handlingData" time="3.372"/>
  <system-out/>
</testsuite> <!-- jun2021.DataHandlingPropertyFile -->
