<?xml version="1.0" encoding="UTF-8"?>
<!-- Generated by org.testng.reporters.JUnitReportReporter -->
<testsuite hostname="LAPTOP-5G0H4FFG" failures="0" tests="1" name="jun2021.HomeWork3" time="2.729" errors="0" timestamp="2021-08-22T22:02:22 PDT" skipped="0">
  <testcase classname="jun2021.HomeWork3" name="cssTech" time="2.729"/>
  <system-out/>
</testsuite> <!-- jun2021.HomeWork3 -->
