<?xml version="1.0" encoding="UTF-8"?>
<!-- Generated by org.testng.reporters.JUnitReportReporter -->
<testsuite hostname="LAPTOP-5G0H4FFG" failures="0" tests="1" name="homework.HW4WebTable" time="8.218" errors="0" timestamp="2021-09-01T10:20:24 PDT" skipped="0">
  <testcase classname="homework.HW4WebTable" name="webTable" time="8.218"/>
  <system-out/>
</testsuite> <!-- homework.HW4WebTable -->
