<?xml version="1.0" encoding="UTF-8"?>
<!-- Generated by org.testng.reporters.JUnitReportReporter -->
<testsuite hostname="LAPTOP-5G0H4FFG" failures="0" tests="1" name="annotationConcept.TryConcept" time="0.017" errors="0" timestamp="2022-02-28T09:29:48 PST" skipped="0">
  <testcase classname="annotationConcept.TryConcept" name="tryCocept" time="0.017"/>
  <system-out/>
</testsuite> <!-- annotationConcept.TryConcept -->
