<?xml version="1.0" encoding="UTF-8"?>
<!-- Generated by org.testng.reporters.JUnitReportReporter -->
<testsuite hostname="LAPTOP-5G0H4FFG" failures="0" tests="1" name="homework.HW4WebTable2" time="9.394" errors="0" timestamp="2021-09-01T10:19:07 PDT" skipped="0">
  <testcase classname="homework.HW4WebTable2" name="webTable2" time="9.394"/>
  <system-out/>
</testsuite> <!-- homework.HW4WebTable2 -->
