<?xml version="1.0" encoding="UTF-8"?>
<!-- Generated by org.testng.reporters.JUnitReportReporter -->
<testsuite hostname="LAPTOP-5G0H4FFG" failures="0" tests="3" name="annotationConcept.TestPriorityAndDescription" time="0.007" errors="0" timestamp="2022-02-25T12:53:47 PST" skipped="0">
  <testcase classname="annotationConcept.TestPriorityAndDescription" name="test3" time="0.006"/>
  <system-out/>
  <testcase classname="annotationConcept.TestPriorityAndDescription" name="test2" time="0.001"/>
  <system-out/>
  <testcase classname="annotationConcept.TestPriorityAndDescription" name="test1" time="0.000"/>
  <system-out/>
</testsuite> <!-- annotationConcept.TestPriorityAndDescription -->
